l:\opengl\projet\build_debug_x86\src\projet_opengl.dir\debug\vc120.pdb
l:\opengl\projet\build_debug_x86\src\projet_opengl.dir\debug\main.obj
l:\opengl\projet\build_debug_x86\src\projet_opengl.dir\debug\camera.obj
l:\opengl\projet\build_debug_x86\src\projet_opengl.dir\debug\app.obj
l:\opengl\projet\build_debug_x86\src\projet_opengl.dir\debug\guistate.obj
l:\opengl\projet\build_debug_x86\src\projet_opengl.dir\debug\shader.obj
l:\opengl\projet\build_debug_x86\src\projet_opengl.dir\debug\shaderprogram.obj
l:\opengl\projet\build_debug_x86\src\cmakefiles\generate.stamp
l:\opengl\projet\build_debug_x86\bin\debug\projet_opengl.pdb
l:\opengl\projet\build_debug_x86\bin\debug\projet_opengl.exe
l:\opengl\projet\build_debug_x86\bin\debug\projet_opengl.ilk
l:\opengl\projet\build_debug_x86\src\projet_opengl.dir\debug\projet_opengl.tlog\cl.command.1.tlog
l:\opengl\projet\build_debug_x86\src\projet_opengl.dir\debug\projet_opengl.tlog\cl.read.1.tlog
l:\opengl\projet\build_debug_x86\src\projet_opengl.dir\debug\projet_opengl.tlog\cl.write.1.tlog
l:\opengl\projet\build_debug_x86\src\projet_opengl.dir\debug\projet_opengl.tlog\custombuild.command.1.tlog
l:\opengl\projet\build_debug_x86\src\projet_opengl.dir\debug\projet_opengl.tlog\custombuild.read.1.tlog
l:\opengl\projet\build_debug_x86\src\projet_opengl.dir\debug\projet_opengl.tlog\custombuild.write.1.tlog
l:\opengl\projet\build_debug_x86\src\projet_opengl.dir\debug\projet_opengl.tlog\link.command.1.tlog
l:\opengl\projet\build_debug_x86\src\projet_opengl.dir\debug\projet_opengl.tlog\link.read.1.tlog
l:\opengl\projet\build_debug_x86\src\projet_opengl.dir\debug\projet_opengl.tlog\link.write.1.tlog
